[04:04:35] [ServerMain/INFO]: [bootstrap] Running Java 21 (OpenJDK 64-Bit Server VM 21.0.5+11-Ubuntu-1ubuntu120.04; Ubuntu null) on Linux 6.5.0-1025-azure (amd64)
[04:04:35] [ServerMain/INFO]: [bootstrap] Loading Paper 1.21-130-master@b1b5d4c (2024-08-10T10:02:42Z) for Minecraft 1.21
[04:04:36] [ServerMain/INFO]: [PluginInitializerManager] Initializing plugins...
[04:04:37] [ServerMain/INFO]: [PluginInitializerManager] Initialized 10 plugins
[04:04:37] [ServerMain/INFO]: [PluginInitializerManager] Bukkit plugins (10):
 - Geyser-Spigot (2.6.0-SNAPSHOT), Graves (4.9.6), LuckPerms (5.4.150), SimpleTpa (7.3), SkinsRestorer (15.5.0), Veinminer (2.2.2), ViaBackwards (5.2.0), ViaRewind (4.0.4), ViaVersion (5.2.1-SNAPSHOT), floodgate (2.2.3-SNAPSHOT (b114-83fbd6e))
[04:04:42] [ServerMain/INFO]: Environment: Environment[sessionHost=https://sessionserver.mojang.com, servicesHost=https://api.minecraftservices.com, name=PROD]
[04:04:44] [ServerMain/INFO]: Loaded 1290 recipes
[04:04:44] [ServerMain/INFO]: Loaded 1399 advancements
[04:04:44] [Server thread/INFO]: Starting minecraft server version 1.21
[04:04:44] [Server thread/INFO]: Loading properties
[04:04:44] [Server thread/INFO]: This server is running Paper version 1.21-130-master@b1b5d4c (2024-08-10T10:02:42Z) (Implementing API version 1.21-R0.1-SNAPSHOT)
[04:04:45] [Server thread/INFO]: [spark] This server bundles the spark profiler. For more information please visit https://docs.papermc.io/paper/profiling
[04:04:45] [Server thread/INFO]: Server Ping Player Sample Count: 12
[04:04:45] [Server thread/INFO]: Using 4 threads for Netty based IO
[04:04:46] [Server thread/INFO]: [ChunkTaskScheduler] Chunk system is using 1 I/O threads, 1 worker threads, and population gen parallelism of 1 threads
[04:04:46] [Server thread/INFO]: Default game type: SURVIVAL
[04:04:46] [Server thread/INFO]: Generating keypair
[04:04:46] [Server thread/INFO]: Starting Minecraft server on *:25565
[04:04:46] [Server thread/INFO]: Using epoll channel type
[04:04:46] [Server thread/INFO]: Paper: Using libdeflate (Linux x86_64) compression from Velocity.
[04:04:46] [Server thread/INFO]: Paper: Using OpenSSL 1.1.x (Linux x86_64) cipher from Velocity.
[04:04:48] [Server thread/INFO]: [SpigotLibraryLoader] [Veinminer] Loading 4 libraries... please wait
[04:04:48] [Server thread/INFO]: [SpigotLibraryLoader] [Veinminer] Loaded library /workspaces/MSX/servidor_minecraft/libraries/org/jetbrains/kotlin/kotlin-stdlib/2.1.0/kotlin-stdlib-2.1.0.jar
[04:04:48] [Server thread/INFO]: [SpigotLibraryLoader] [Veinminer] Loaded library /workspaces/MSX/servidor_minecraft/libraries/org/jetbrains/annotations/13.0/annotations-13.0.jar
[04:04:48] [Server thread/INFO]: [SpigotLibraryLoader] [Veinminer] Loaded library /workspaces/MSX/servidor_minecraft/libraries/org/jetbrains/kotlinx/kotlinx-serialization-json/1.7.3/kotlinx-serialization-json-1.7.3.jar
[04:04:48] [Server thread/INFO]: [SpigotLibraryLoader] [Veinminer] Loaded library /workspaces/MSX/servidor_minecraft/libraries/org/jetbrains/kotlinx/kotlinx-serialization-json-jvm/1.7.3/kotlinx-serialization-json-jvm-1.7.3.jar
[04:04:48] [Server thread/INFO]: [SpigotLibraryLoader] [Veinminer] Loaded library /workspaces/MSX/servidor_minecraft/libraries/org/jetbrains/kotlinx/kotlinx-serialization-core-jvm/1.7.3/kotlinx-serialization-core-jvm-1.7.3.jar
[04:04:48] [Server thread/INFO]: [SpigotLibraryLoader] [Veinminer] Loaded library /workspaces/MSX/servidor_minecraft/libraries/org/jetbrains/kotlinx/kotlinx-coroutines-core/1.9.0/kotlinx-coroutines-core-1.9.0.jar
[04:04:48] [Server thread/INFO]: [SpigotLibraryLoader] [Veinminer] Loaded library /workspaces/MSX/servidor_minecraft/libraries/org/jetbrains/kotlinx/kotlinx-coroutines-core-jvm/1.9.0/kotlinx-coroutines-core-jvm-1.9.0.jar
[04:04:48] [Server thread/INFO]: [SpigotLibraryLoader] [Veinminer] Loaded library /workspaces/MSX/servidor_minecraft/libraries/de/miraculixx/kpaper/1.2.1/kpaper-1.2.1.jar
[04:04:48] [Server thread/INFO]: [SpigotLibraryLoader] [Veinminer] Loaded library /workspaces/MSX/servidor_minecraft/libraries/org/jetbrains/kotlinx/kotlinx-coroutines-jdk8/1.7.1/kotlinx-coroutines-jdk8-1.7.1.jar
[04:04:48] [Server thread/INFO]: [SpigotLibraryLoader] [Veinminer] Loaded library /workspaces/MSX/servidor_minecraft/libraries/org/jetbrains/kotlin/kotlin-stdlib-jdk8/1.8.22/kotlin-stdlib-jdk8-1.8.22.jar
[04:04:48] [Server thread/INFO]: [SpigotLibraryLoader] [Veinminer] Loaded library /workspaces/MSX/servidor_minecraft/libraries/org/jetbrains/kotlin/kotlin-stdlib-jdk7/1.8.22/kotlin-stdlib-jdk7-1.8.22.jar
[04:04:48] [Server thread/INFO]: [ViaVersion] Loading server plugin ViaVersion v5.2.1-SNAPSHOT
[04:04:48] [Server thread/INFO]: [ViaVersion] ViaVersion 5.2.1-SNAPSHOT is now loaded. Registering protocol transformers and injecting...
[04:04:51] [Via-Mappingloader-0/INFO]: [ViaVersion] Loading block connection mappings ...
[04:04:52] [Via-Mappingloader-0/INFO]: [ViaVersion] Using FastUtil Long2ObjectOpenHashMap for block connections
[04:04:53] [Server thread/INFO]: [ViaBackwards] Loading translations...
[04:04:53] [Server thread/INFO]: [ViaBackwards] Registering protocols...
[04:04:55] [Server thread/INFO]: [ViaRewind] Registering protocols...
[04:04:55] [Server thread/INFO]: [ViaBackwards] Loading server plugin ViaBackwards v5.2.0
[04:04:55] [Server thread/INFO]: [floodgate] Loading server plugin floodgate v2.2.3-SNAPSHOT (b114-83fbd6e)
[04:04:57] [Server thread/WARN]: [floodgate] en_ is not a supported Floodgate language.
[04:04:57] [Server thread/INFO]: [floodgate] Took 2,362ms to boot Floodgate
[04:04:57] [Server thread/INFO]: [ViaRewind] Loading server plugin ViaRewind v4.0.4
[04:04:57] [Server thread/INFO]: [SimpleTpa] Loading server plugin SimpleTpa v7.3
[04:04:57] [Server thread/INFO]: [Geyser-Spigot] Loading server plugin Geyser-Spigot v2.6.0-SNAPSHOT
[04:05:00] [Server thread/INFO]: [Geyser-Spigot] Loading extensions...
[04:05:00] [Server thread/INFO]: [Geyser-Spigot] Loaded 0 extension(s)
[04:05:00] [Server thread/INFO]: [SkinsRestorer] Loading server plugin SkinsRestorer v15.5.0
[04:05:00] [Server thread/INFO]: [Veinminer] Loading server plugin Veinminer v2.2.2
[04:05:01] [Server thread/INFO]: [Graves] Loading server plugin Graves v4.9.6
[04:05:01] [Server thread/INFO]: [LuckPerms] Loading server plugin LuckPerms v5.4.150
[04:05:01] [Server thread/INFO]: Server permissions file permissions.yml is empty, ignoring it
[04:05:01] [Server thread/INFO]: [ViaRewind] Enabling ViaRewind v4.0.4
[04:05:01] [Server thread/INFO]: [SkinsRestorer] Enabling SkinsRestorer v15.5.0
[04:05:02] [Server thread/WARN]: [SkinsRestorer] You must agree to the rules at 'commands.perSkinPermissionsConsent' in the config to use per skin permissions.
[04:05:03] [Server thread/INFO]: [SkinsRestorer] Running on Minecraft 1.21.0.
[04:05:03] [Server thread/INFO]: [SkinsRestorer] Floodgate skin listener registered
[04:05:04] [Server thread/INFO]: [SkinsRestorer] Using paper join listener!
[04:05:04] [Server thread/INFO]: [Veinminer] Enabling Veinminer v2.2.2
[04:05:04] [Server thread/INFO]: [LuckPerms] Enabling LuckPerms v5.4.150
[04:05:04] [Folia Async Scheduler Thread #1/INFO]: [SkinsRestorer] ----------------------------------------------
[04:05:04] [Folia Async Scheduler Thread #1/INFO]: [SkinsRestorer]     +==================+
[04:05:05] [Folia Async Scheduler Thread #1/INFO]: [SkinsRestorer]     |   SkinsRestorer  |
[04:05:05] [Folia Async Scheduler Thread #1/INFO]: [SkinsRestorer]     |------------------|
[04:05:05] [Folia Async Scheduler Thread #1/INFO]: [SkinsRestorer]     |  Standalone Mode |
[04:05:05] [Folia Async Scheduler Thread #1/INFO]: [SkinsRestorer]     +==================+
[04:05:05] [Folia Async Scheduler Thread #1/INFO]: [SkinsRestorer] ----------------------------------------------
[04:05:05] [Folia Async Scheduler Thread #1/INFO]: [SkinsRestorer]     Version: 15.5.0
[04:05:05] [Folia Async Scheduler Thread #1/INFO]: [SkinsRestorer]     Commit: ad418e4
[04:05:05] [Folia Async Scheduler Thread #1/INFO]: [SkinsRestorer]     This is the latest version!
[04:05:05] [Folia Async Scheduler Thread #1/INFO]: [SkinsRestorer] ----------------------------------------------
[04:05:05] [Folia Async Scheduler Thread #1/INFO]: [SkinsRestorer] Do you have issues? Read our troubleshooting guide: https://skinsrestorer.net/docs/troubleshooting
[04:05:05] [Folia Async Scheduler Thread #1/INFO]: [SkinsRestorer] Want to support SkinsRestorer? Consider donating: https://skinsrestorer.net/donate
[04:05:05] [DefaultDispatcher-worker-1/INFO]: [VeinminerUpdater] veinminer is up to date
[04:05:05] [Server thread/INFO]:         __    
[04:05:05] [Server thread/INFO]:   |    |__)   LuckPerms v5.4.150
[04:05:05] [Server thread/INFO]:   |___ |      Running on Bukkit - Paper
[04:05:05] [Server thread/INFO]: 
[04:05:05] [Server thread/INFO]: [LuckPerms] Loading configuration...
[04:05:05] [Server thread/INFO]: [LuckPerms] Loading storage provider... [H2]
[04:05:06] [Server thread/INFO]: [LuckPerms] Loading internal permission managers...
[04:05:06] [Server thread/INFO]: [LuckPerms] Performing initial data load...
[04:05:06] [Server thread/INFO]: [LuckPerms] Successfully enabled. (took 1518ms)
[04:05:06] [Server thread/WARN]: **** SERVER IS RUNNING IN OFFLINE/INSECURE MODE!
[04:05:06] [Server thread/WARN]: The server will make no attempt to authenticate usernames. Beware.
[04:05:06] [Server thread/WARN]: While this makes the game possible to play without internet access, it also opens up the ability for hackers to connect with any username they choose.
[04:05:06] [Server thread/WARN]: To change this, set "online-mode" to "true" in the server.properties file.
[04:05:06] [Server thread/INFO]: Preparing level "world"
[04:05:07] [Server thread/INFO]: Preparing start region for dimension minecraft:overworld
[04:05:08] [Server thread/INFO]: Time elapsed: 1368 ms
[04:05:08] [Server thread/INFO]: Preparing start region for dimension minecraft:the_nether
[04:05:09] [Server thread/INFO]: Time elapsed: 328 ms
[04:05:09] [Server thread/INFO]: Preparing start region for dimension minecraft:the_end
[04:05:09] [Server thread/INFO]: Time elapsed: 240 ms
[04:05:09] [Server thread/INFO]: [ViaVersion] Enabling ViaVersion v5.2.1-SNAPSHOT
[04:05:09] [Server thread/INFO]: [ViaVersion] ViaVersion detected server version: 1.21-1.21.1 (767)
[04:05:09] [Server thread/INFO]: [ViaBackwards] Enabling ViaBackwards v5.2.0
[04:05:09] [Server thread/INFO]: [floodgate] Enabling floodgate v2.2.3-SNAPSHOT (b114-83fbd6e)
[04:05:10] [Server thread/INFO]: [SimpleTpa] Enabling SimpleTpa v7.3
[04:05:10] [Server thread/INFO]: [SimpleTpa] If you need support contact me at https://discord.gg/SZUkza9
[04:05:10] [Server thread/INFO]: [SimpleTpa] Simple Tpa has been enabled on version 7.3
[04:05:10] [Server thread/INFO]: Enabled metrics. You may opt-out by changing plugins/bStats/config.yml
[04:05:10] [Server thread/INFO]: [Geyser-Spigot] Enabling Geyser-Spigot v2.6.0-SNAPSHOT
[04:05:11] [Server thread/INFO]: [Graves] Enabling Graves v4.9.6
[04:05:11] [Server thread/INFO]: [Graves] Integration: Hooked into MiniMessage.
[04:05:12] [Server thread/INFO]: [spark] Starting background profiler...
[04:05:12] [Server thread/INFO]: [Geyser-Spigot] ******************************************
[04:05:12] [Server thread/INFO]: [Geyser-Spigot] 
[04:05:12] [Server thread/INFO]: [Geyser-Spigot] Loading Geyser version 2.6.0-b730 (git-master-ba5b422)
[04:05:12] [Server thread/INFO]: [Geyser-Spigot] 
[04:05:12] [Server thread/INFO]: [Geyser-Spigot] ******************************************
[04:05:22] [epollEventLoopGroup-3-1/INFO]: [Geyser-Spigot] Started Geyser on UDP port 19132
[04:05:23] [Server thread/INFO]: [Geyser-Spigot] Done (10.386s)! Run /geyser help for help!
[04:05:23] [Server thread/INFO]: Done preparing level "world" (16.873s)
[04:05:23] [Server thread/INFO]: Starting GS4 status listener
[04:05:23] [Server thread/INFO]: Thread Query Listener started
[04:05:23] [Server thread/INFO]: Starting remote control listener
[04:05:23] [Server thread/WARN]: No rcon password set in server.properties, rcon disabled!
[04:05:23] [Server thread/INFO]: JMX monitoring enabled
[04:05:23] [Query Listener #1/INFO]: Query running on 0.0.0.0:25565
[04:05:23] [Server thread/INFO]: Running delayed init tasks
[04:05:23] [Craft Scheduler Thread - 5 - ViaVersion/INFO]: [ViaVersion] Finished mapping loading, shutting down loader executor.
[04:05:23] [Server thread/INFO]: [ViaVersion] You are running a development version of the plugin, please report any bugs to GitHub.
[04:05:23] [Server thread/INFO]: Done (48.892s)! For help, type "help"
[04:05:23] [Server thread/INFO]: Timings Reset
[04:05:23] [Craft Scheduler Thread - 6 - SimpleTpa/INFO]: [SimpleTpa] There is a new update available.
[04:05:23] [Craft Scheduler Thread - 6 - SimpleTpa/INFO]: [SimpleTpa] There is a new update available:
[04:05:23] [Craft Scheduler Thread - 6 - SimpleTpa/INFO]: [SimpleTpa] https://www.spigotmc.org/resources/simple-tpa.64270/
[04:05:23] [Server thread/INFO]: There are 0 of a max of 20 players online: 
[04:05:26] [User Authenticator #0/INFO]: UUID of player xFerNando1314x is 28fc7624-3b5a-33e5-b9a1-c646b787031c
[04:05:28] [Server thread/INFO]: xFerNando1314x joined the game
[04:05:28] [Server thread/INFO]: xFerNando1314x[/127.28.244.156:43043] logged in with entity id 80 at ([world]382.948808784091, -57.5, -447.876056649981)
[04:10:17] [Server thread/INFO]: xFerNando1314x issued server command: /stop
[04:10:17] [Server thread/INFO]: [xFerNando1314x: Stopping the server]
[04:10:17] [Server thread/INFO]: Stopping server
[04:10:17] [Server thread/INFO]: [LuckPerms] Disabling LuckPerms v5.4.150
[04:10:17] [Server thread/INFO]: [LuckPerms] Starting shutdown process...
[04:10:17] [Server thread/INFO]: [LuckPerms] Closing storage...
[04:10:17] [Server thread/INFO]: [LuckPerms] Goodbye!
[04:10:17] [Server thread/INFO]: [Graves] Disabling Graves v4.9.6
[04:10:17] [Server thread/INFO]: [Veinminer] Disabling Veinminer v2.2.2
[04:10:17] [Server thread/INFO]: [SkinsRestorer] Disabling SkinsRestorer v15.5.0
[04:10:17] [Server thread/INFO]: [Geyser-Spigot] Disabling Geyser-Spigot v2.6.0-SNAPSHOT
[04:10:17] [Server thread/INFO]: [Geyser-Spigot] Shutting down Geyser.
[04:10:17] [Server thread/INFO]: [Geyser-Spigot] Geyser shutdown successfully.
[04:10:17] [Server thread/INFO]: [SimpleTpa] Disabling SimpleTpa v7.3
[04:10:17] [Server thread/INFO]: [SimpleTpa] If you need support contact me at https://discord.gg/SZUkza9
[04:10:17] [Server thread/INFO]: [SimpleTpa] Simple Tpa has been disabled on version 7.3
[04:10:17] [Server thread/INFO]: [ViaRewind] Disabling ViaRewind v4.0.4
[04:10:17] [Server thread/INFO]: [floodgate] Disabling floodgate v2.2.3-SNAPSHOT (b114-83fbd6e)
[04:10:17] [Server thread/INFO]: [ViaBackwards] Disabling ViaBackwards v5.2.0
[04:10:17] [Server thread/INFO]: [ViaVersion] Disabling ViaVersion v5.2.1-SNAPSHOT
[04:10:17] [Server thread/INFO]: [ViaVersion] ViaVersion has been disabled; uninjected the platform and shut down the scheduler.
[04:10:17] [Server thread/INFO]: Saving players
[04:10:17] [Server thread/INFO]: xFerNando1314x lost connection: Server closed
[04:10:17] [Server thread/INFO]: xFerNando1314x left the game
[04:10:17] [WebSocketConnectReadThread-119/INFO]: [Geyser-Spigot] The skin uploader has been closed
[04:10:17] [Server thread/INFO]: Saving worlds
[04:10:17] [Server thread/INFO]: Saving chunks for level 'ServerLevel[world]'/minecraft:overworld
[04:10:17] [Server thread/INFO]: [ChunkHolderManager] Waiting 60s for chunk system to halt for world 'world'
[04:10:17] [Server thread/INFO]: [ChunkHolderManager] Halted chunk system for world 'world'
[04:10:17] [Server thread/INFO]: [ChunkHolderManager] Saving all chunkholders for world 'world'
[04:10:18] [Server thread/INFO]: [ChunkHolderManager] Saved 709 block chunks, 709 entity chunks, 0 poi chunks in world 'world' in 1.00s
[04:10:18] [Server thread/INFO]: Saving chunks for level 'ServerLevel[world_nether]'/minecraft:the_nether
[04:10:18] [Server thread/INFO]: [ChunkHolderManager] Waiting 60s for chunk system to halt for world 'world_nether'
[04:10:18] [Server thread/INFO]: [ChunkHolderManager] Halted chunk system for world 'world_nether'
[04:10:18] [Server thread/INFO]: [ChunkHolderManager] Saving all chunkholders for world 'world_nether'
[04:10:19] [Server thread/INFO]: [ChunkHolderManager] Saved 613 block chunks, 613 entity chunks, 0 poi chunks in world 'world_nether' in 0.65s
[04:10:19] [Server thread/INFO]: Saving chunks for level 'ServerLevel[world_the_end]'/minecraft:the_end
[04:10:19] [Server thread/INFO]: [ChunkHolderManager] Waiting 60s for chunk system to halt for world 'world_the_end'
[04:10:19] [Server thread/INFO]: [ChunkHolderManager] Halted chunk system for world 'world_the_end'
[04:10:19] [Server thread/INFO]: [ChunkHolderManager] Saving all chunkholders for world 'world_the_end'
[04:10:19] [Server thread/INFO]: [ChunkHolderManager] Saved 49 block chunks, 49 entity chunks, 0 poi chunks in world 'world_the_end' in 0.02s
[04:10:19] [Server thread/INFO]: ThreadedAnvilChunkStorage (world): All chunks are saved
[04:10:19] [Server thread/INFO]: ThreadedAnvilChunkStorage (DIM-1): All chunks are saved
[04:10:19] [Server thread/INFO]: ThreadedAnvilChunkStorage (DIM1): All chunks are saved
[04:10:19] [Server thread/INFO]: ThreadedAnvilChunkStorage: All dimensions are saved
